

 >> R 3 t     E R T    M o d e l    v 2.30 <<

 >> Date: 18-03-2021
 >> Rhizo_1                                                                         
 >> A d v a n c e d   M e s h   I n p u t <<
 >> T e t r a h e d r a l   E l e m e n t   M e s h <<


 >> Parameterisation
    Total number of parameters:                  32557
    Number of elements with fixed resistivity:       0
    Number of parameter regularisation zones:        1
    Regularisation zone   1   alpha scalar:        1.0
 >> Reading resistivity model from res0.dat                                                                        

 >> L o g - D a t a   I n v e r s i o n <<
 >> N o r m a l   R e g u l a r i s a t i o n <<
    For   1000 measurements the memory needed is:          0.272 Gb
    For   2000 measurements the memory needed is:          0.532 Gb
    For   5000 measurements the memory needed is:          1.314 Gb
    For  10000 measurements the memory needed is:          2.617 Gb


 >> Number of measurements read: 2472

 >> Total Memory required is:          0.655 Gb


 Processing frame   1 - output to file f001.dat

   Iteration   1
     Initial RMS Misfit:        46.02      Number of data ignored:     4
     Alpha:       31649.881   RMS Misfit:        1.25  Roughness:        0.026
     Alpha:       14690.573   RMS Misfit:        1.24  Roughness:        0.028
     Alpha:        6818.760   RMS Misfit:        1.12  Roughness:        0.069
     Alpha:        3164.988   RMS Misfit:        1.10  Roughness:        0.120
     Alpha:        1469.057   RMS Misfit:        1.26  Roughness:        0.236
     Step length set to      1.000
     Final RMS Misfit:        1.10
     Data misfit:          2966.13
     Model misfit:          380.77
     Total misfit:         3346.90
     Attempted to update data weights and caused overshoot
     treating as converged

 Solution converged - Outputing results to file

 Calculating sensitivity map

 End of data:  Terminating


    Timing Summary
    ==============
    Total time taken:                               199. s

    Percent time taken forming element equations:    0.0 %
    Percent time taken solving forward  equations:   1.8 %
    Percent time taken forming Jacobian:             4.8 %
    Percent time taken solving inverse equations:   92.5 %
    Percent time taken calculating res. matrix:      0.0 %

    Timing Details
    ==============
    Number of calls to form element equations:         6
    Average time taken in call:                      0.0 s
    Number of calls to solve forward equations:      432
    Average time taken in call:                      0.0 s
    Number of calls to form Jacobian:                  1
    Average time taken in call:                      9.5 s
    Number of calls to solve inverse equations:        5
    Average time taken in call:                     36.8 s
    Number of calls to calculate res. matrix:          0
    Average time taken in call:                      0.0 s


 >> Program ended normally

