

 >> R 3 t     E R T    M o d e l    v 2.30 <<

 >> Date: 22-02-2021
 >> My beautiful 3D survey                                                          
 >> A d v a n c e d   M e s h   I n p u t <<
 >> T e t r a h e d r a l   E l e m e n t   M e s h <<


 >> Parameterisation
    Total number of parameters:                  32557
    Number of elements with fixed resistivity:       0
    Number of parameter regularisation zones:        1
    Regularisation zone   1   alpha scalar:        1.0
 >> Reading resistivity model from res0.dat                                                                        

 >> L o g - D a t a   I n v e r s i o n <<
 >> N o r m a l   R e g u l a r i s a t i o n <<
    For   1000 measurements the memory needed is:          0.272 Gb
    For   2000 measurements the memory needed is:          0.532 Gb
    For   5000 measurements the memory needed is:          1.314 Gb
    For  10000 measurements the memory needed is:          2.617 Gb


 >> Number of measurements read: 2471

 >> Total Memory required is:          0.655 Gb


 Processing frame   1 - output to file f001.dat

   Iteration   1
     Initial RMS Misfit:       192.60      Number of data ignored:     5
     Alpha:      386870.326   RMS Misfit:        4.56  Roughness:        0.036
     Alpha:      179569.298   RMS Misfit:        4.50  Roughness:        0.040
     Alpha:       83348.685   RMS Misfit:        4.12  Roughness:        0.090
     Alpha:       38687.033   RMS Misfit:        4.05  Roughness:        0.153
     Alpha:       17956.930   RMS Misfit:        4.20  Roughness:        0.289
     Step length set to      1.000
     Final RMS Misfit:        4.05
     Data misfit:         40351.95
     Model misfit:         5930.77
     Total misfit:        46282.71
     Updated data weights

   Iteration   2
     Initial RMS Misfit:         4.07      Number of data ignored:     1
     Alpha:       22287.269   RMS Misfit:        1.98  Roughness:        0.158
     Alpha:       10344.834   RMS Misfit:        1.82  Roughness:        0.263
     Alpha:        4801.647   RMS Misfit:        1.73  Roughness:        0.352
     Alpha:        2228.727   RMS Misfit:        1.61  Roughness:        0.577
     Alpha:        1034.483   RMS Misfit:        1.52  Roughness:        0.890
     Alpha:         480.165   RMS Misfit:        1.44  Roughness:        1.382
     Alpha:         222.873   RMS Misfit:        1.40  Roughness:        2.031
     Alpha:         103.448   RMS Misfit:        1.38  Roughness:        2.911
     Alpha:          48.016   RMS Misfit:        1.36  Roughness:        4.111
     Alpha:          22.287   RMS Misfit:        1.34  Roughness:        5.774
     Step length set to      1.000
     Final RMS Misfit:        1.34
     Data misfit:          4434.79
     Model misfit:          128.69
     Total misfit:         4563.49
     Attempted to update data weights and caused overshoot
     treating as converged

 Solution converged - Outputing results to file

 Calculating sensitivity map

 End of data:  Terminating


    Timing Summary
    ==============
    Total time taken:                               337. s

    Percent time taken forming element equations:    0.0 %
    Percent time taken solving forward  equations:   2.3 %
    Percent time taken forming Jacobian:             3.5 %
    Percent time taken solving inverse equations:   93.5 %
    Percent time taken calculating res. matrix:      0.0 %

    Timing Details
    ==============
    Number of calls to form element equations:        16
    Average time taken in call:                      0.0 s
    Number of calls to solve forward equations:     1152
    Average time taken in call:                      0.0 s
    Number of calls to form Jacobian:                  2
    Average time taken in call:                      5.8 s
    Number of calls to solve inverse equations:       15
    Average time taken in call:                     21.0 s
    Number of calls to calculate res. matrix:          0
    Average time taken in call:                      0.0 s


 >> Program ended normally

